{
  "stats": {
    "suites": 0,
    "tests": 1,
    "passes": 0,
    "pending": 0,
    "failures": 1,
    "start": "2025-05-26T17:38:03.198Z",
    "end": "2025-05-26T17:38:03.477Z",
    "duration": 279,
    "testsRegistered": 1,
    "passPercent": 0,
    "pendingPercent": 0,
    "other": 0,
    "hasOther": false,
    "skipped": 0,
    "hasSkipped": false
  },
  "results": [
    {
      "uuid": "4613fded-824c-464c-ba2e-623c57c0c882",
      "title": "",
      "fullFile": "cypress\\e2e\\SearchBooks.cy.js",
      "file": "cypress\\e2e\\SearchBooks.cy.js",
      "beforeHooks": [],
      "afterHooks": [],
      "tests": [
        {
          "title": "Search and verify if a book is displayed for C++",
          "fullTitle": "Search and verify if a book is displayed for C++",
          "timedOut": null,
          "duration": 211,
          "state": "failed",
          "speed": null,
          "pass": false,
          "fail": true,
          "pending": false,
          "context": null,
          "code": "",
          "err": {
            "message": "TypeError: fs.existsSync is not a function\n\nBecause this error occurred during a `before all` hook we are skipping all of the remaining tests.",
            "estack": "TypeError: fs.existsSync is not a function\n\nBecause this error occurred during a `before all` hook we are skipping all of the remaining tests.\n    at Context.eval (webpack:///./cypress/support/e2e.js:28:11)\n    at runnable.fn (http://localhost:51629/__cypress/runner/cypress_runner.js:140422:19)\n    at callFn (http://localhost:51629/__cypress/runner/cypress_runner.js:159500:21)\n    at Runnable.run (http://localhost:51629/__cypress/runner/cypress_runner.js:159487:7)\n    at <unknown> (http://localhost:51629/__cypress/runner/cypress_runner.js:165559:30)\n    at PassThroughHandlerContext.finallyHandler (http://localhost:51629/__cypress/runner/cypress_runner.js:4042:23)\n    at PassThroughHandlerContext.tryCatcher (http://localhost:51629/__cypress/runner/cypress_runner.js:1777:23)\n    at Promise._settlePromiseFromHandler (http://localhost:51629/__cypress/runner/cypress_runner.js:1489:31)\n    at Promise._settlePromise (http://localhost:51629/__cypress/runner/cypress_runner.js:1546:18)",
            "diff": null
          },
          "uuid": "4f4c7bbb-31bd-4e6e-a47f-3a4012f73ce9",
          "parentUUID": "4613fded-824c-464c-ba2e-623c57c0c882",
          "isHook": false,
          "skipped": false
        }
      ],
      "suites": [],
      "passes": [],
      "failures": [
        "4f4c7bbb-31bd-4e6e-a47f-3a4012f73ce9"
      ],
      "pending": [],
      "skipped": [],
      "duration": 211,
      "root": true,
      "rootEmpty": false,
      "_timeout": 2000
    }
  ],
  "meta": {
    "mocha": {
      "version": "7.2.0"
    },
    "mochawesome": {
      "options": {
        "quiet": false,
        "reportFilename": "mochawesome",
        "saveHtml": false,
        "saveJson": true,
        "consoleReporter": "spec",
        "useInlineDiffs": false,
        "code": false
      },
      "version": "7.1.3"
    },
    "marge": {
      "options": {
        "reportDir": "cypress/reports/mochawesome",
        "overwrite": false,
        "html": false,
        "json": true,
        "code": false,
        "reportTitle": "Cypress Docker Report"
      },
      "version": "6.2.0"
    }
  }
}